<?xml version="1.0" encoding="UTF-8"?>
<testng-results ignored="0" total="1" passed="1" failed="0" skipped="0">
  <reporter-output>
  </reporter-output>
  <suite started-at="2023-08-29T15:50:06 ICT" name="Suite Login Test" finished-at="2023-08-29T15:50:47 ICT" duration-ms="40179">
    <groups>
    </groups>
    <test started-at="2023-08-29T15:50:06 ICT" name="Test" finished-at="2023-08-29T15:50:47 ICT" duration-ms="40179">
      <class name="projects.crm.com.web.ecommerce.testcases.EndToEndTest">
        <test-method is-config="true" signature="createDriver(java.lang.String)[pri:0, instance:projects.crm.com.web.ecommerce.testcases.EndToEndTest@1949309d]" started-at="2023-08-29T15:50:07 ICT" name="createDriver" finished-at="2023-08-29T15:50:13 ICT" duration-ms="5543" status="PASS">
          <params>
            <param index="0">
              <value>
                <![CDATA[chrome]]>
              </value>
            </param>
          </params>
          <reporter-output>
          </reporter-output>
        </test-method> <!-- createDriver -->
        <test-method signature="addItemToCart()[pri:1, instance:projects.crm.com.web.ecommerce.testcases.EndToEndTest@1949309d]" started-at="2023-08-29T15:50:13 ICT" name="addItemToCart" finished-at="2023-08-29T15:50:46 ICT" duration-ms="33067" status="PASS">
          <reporter-output>
          </reporter-output>
        </test-method> <!-- addItemToCart -->
        <test-method is-config="true" signature="closeDriver(org.testng.ITestResult)[pri:0, instance:projects.crm.com.web.ecommerce.testcases.EndToEndTest@1949309d]" started-at="2023-08-29T15:50:46 ICT" name="closeDriver" finished-at="2023-08-29T15:50:47 ICT" duration-ms="728" status="PASS">
          <params>
            <param index="0">
              <value>
                <![CDATA[[TestResult name=addItemToCart status=SUCCESS method=EndToEndTest.addItemToCart()[pri:1, instance:projects.crm.com.web.ecommerce.testcases.EndToEndTest@1949309d] output={null}]]]>
              </value>
            </param>
          </params>
          <reporter-output>
          </reporter-output>
        </test-method> <!-- closeDriver -->
      </class> <!-- projects.crm.com.web.ecommerce.testcases.EndToEndTest -->
    </test> <!-- Test -->
  </suite> <!-- Suite Login Test -->
</testng-results>
